<?xml version="1.0" encoding="UTF-8"?>
<!-- Generated by org.testng.reporters.JUnitXMLReporter -->
<testsuite ignored="0" hostname="VihaanJaswik" failures="0" tests="1" name="Test" time="0.043" errors="0" timestamp="2023-10-20T09:37:25 IST">
  <testcase classname="GenaricScript.BaseTest" name="@BeforeMethod open" time="-1.697774845739E9">
    <failure type="org.testng.TestNGException" message="
Can inject only one of &amp;lt;ITestContext, XmlTest, Method, Object[], ITestResult&amp;gt; into a @BeforeMethod annotated open.
For more information on native dependency injection please refer to https://testng.org/doc/documentation-main.html#native-dependency-injection">
      <![CDATA[org.testng.TestNGException: 
Can inject only one of <ITestContext, XmlTest, Method, Object[], ITestResult> into a @BeforeMethod annotated open.
For more information on native dependency injection please refer to https://testng.org/doc/documentation-main.html#native-dependency-injection
at java.base/java.util.ArrayList.forEach(ArrayList.java:1511)
... Removed 28 stack frames]]>
    </failure>
  </testcase> <!-- @BeforeMethod open -->
  <testcase classname="GenaricScript.BaseTest" name="@AfterMethod close" time="-1.697774845756E9">
    <skipped/>
  </testcase> <!-- @AfterMethod close -->
  <testcase classname="TestScript.RunnerFB" name="test" time="0.0">
    <skipped/>
  </testcase> <!-- test -->
</testsuite> <!-- Test -->
