<?xml version="1.0" encoding="UTF-8"?>
<testng-results ignored="0" total="1" passed="1" failed="0" skipped="0">
  <reporter-output>
  </reporter-output>
  <suite started-at="2023-10-20T15:01:54 IST" name="Default suite" finished-at="2023-10-20T15:02:13 IST" duration-ms="18876">
    <groups>
    </groups>
    <test started-at="2023-10-20T15:01:54 IST" name="Default test" finished-at="2023-10-20T15:02:13 IST" duration-ms="18876">
      <class name="DDT.multifetch">
        <test-method signature="test()[pri:0, instance:DDT.multifetch@a530d0a]" started-at="2023-10-20T15:01:54 IST" name="test" finished-at="2023-10-20T15:02:13 IST" duration-ms="18839" status="PASS">
          <reporter-output>
          </reporter-output>
        </test-method> <!-- test -->
      </class> <!-- DDT.multifetch -->
    </test> <!-- Default test -->
  </suite> <!-- Default suite -->
</testng-results>
